{
  "stats": {
    "suites": 1,
    "tests": 18,
    "passes": 17,
    "pending": 0,
    "failures": 1,
    "start": "2024-06-04T12:42:55.125Z",
    "end": "2024-06-04T12:43:08.051Z",
    "duration": 12926,
    "testsRegistered": 18,
    "passPercent": 94.44444444444444,
    "pendingPercent": 0,
    "other": 0,
    "hasOther": false,
    "skipped": 0,
    "hasSkipped": false
  },
  "results": [
    {
      "uuid": "b6e1496e-0f01-43a7-9c28-59a258290ff5",
      "title": "",
      "fullFile": "cypress/e2e/C605828-ECL.cy.js",
      "file": "cypress/e2e/C605828-ECL.cy.js",
      "beforeHooks": [],
      "afterHooks": [],
      "tests": [],
      "suites": [
        {
          "uuid": "cfc3d496-d951-4e7e-ba63-2530ba1c05ae",
          "title": "C605828-ECL",
          "fullFile": "",
          "file": "",
          "beforeHooks": [],
          "afterHooks": [],
          "tests": [
            {
              "title": "Launch browser url",
              "fullTitle": "C605828-ECL Launch browser url",
              "timedOut": null,
              "duration": 2159,
              "state": "passed",
              "speed": "fast",
              "pass": true,
              "fail": false,
              "pending": false,
              "context": null,
              "code": "accept.visit();",
              "err": {},
              "uuid": "b6d7fb29-6468-4439-b184-90189e221ca2",
              "parentUUID": "cfc3d496-d951-4e7e-ba63-2530ba1c05ae",
              "isHook": false,
              "skipped": false
            },
            {
              "title": "click on Accept cookies",
              "fullTitle": "C605828-ECL click on Accept cookies",
              "timedOut": null,
              "duration": 96,
              "state": "passed",
              "speed": "fast",
              "pass": true,
              "fail": false,
              "pending": false,
              "context": null,
              "code": "accept.getCookiesAccept().click();",
              "err": {},
              "uuid": "4d70a4c9-bebc-47e1-b078-635ca07e1dbb",
              "parentUUID": "cfc3d496-d951-4e7e-ba63-2530ba1c05ae",
              "isHook": false,
              "skipped": false
            },
            {
              "title": "click on Accept disclaimers",
              "fullTitle": "C605828-ECL click on Accept disclaimers",
              "timedOut": null,
              "duration": 1568,
              "state": "passed",
              "speed": "fast",
              "pass": true,
              "fail": false,
              "pending": false,
              "context": null,
              "code": "accept.getDisclaimersAccept().click();",
              "err": {},
              "uuid": "06d64ba9-d6ac-44b3-82df-c5c926cbecdb",
              "parentUUID": "cfc3d496-d951-4e7e-ba63-2530ba1c05ae",
              "isHook": false,
              "skipped": false
            },
            {
              "title": "select International Edition",
              "fullTitle": "C605828-ECL select International Edition",
              "timedOut": null,
              "duration": 603,
              "state": "passed",
              "speed": "fast",
              "pass": true,
              "fail": false,
              "pending": false,
              "context": null,
              "code": "accept.getInternationEdition().click();",
              "err": {},
              "uuid": "d0511dca-4769-400f-802d-faac0b97bed0",
              "parentUUID": "cfc3d496-d951-4e7e-ba63-2530ba1c05ae",
              "isHook": false,
              "skipped": false
            },
            {
              "title": "navigate to ECL query page",
              "fullTitle": "C605828-ECL navigate to ECL query page",
              "timedOut": null,
              "duration": 82,
              "state": "passed",
              "speed": "fast",
              "pass": true,
              "fail": false,
              "pending": false,
              "context": null,
              "code": "eclquey.getExpressionConstraintTab();",
              "err": {},
              "uuid": "2eae7574-3aab-4155-b3e3-e21ec09d3cb3",
              "parentUUID": "cfc3d496-d951-4e7e-ba63-2530ba1c05ae",
              "isHook": false,
              "skipped": false
            },
            {
              "title": "click on ECL builder button",
              "fullTitle": "C605828-ECL click on ECL builder button",
              "timedOut": null,
              "duration": 92,
              "state": "passed",
              "speed": "fast",
              "pass": true,
              "fail": false,
              "pending": false,
              "context": null,
              "code": "eclquey.getEclBuilderButton();",
              "err": {},
              "uuid": "f3507d8e-b9fc-416f-a25b-54c758490ef8",
              "parentUUID": "cfc3d496-d951-4e7e-ba63-2530ba1c05ae",
              "isHook": false,
              "skipped": false
            },
            {
              "title": "search concept 80891009",
              "fullTitle": "C605828-ECL search concept 80891009",
              "timedOut": null,
              "duration": 796,
              "state": "passed",
              "speed": "fast",
              "pass": true,
              "fail": false,
              "pending": false,
              "context": null,
              "code": "cy.fixture('ECLQuery').then(data => {\n  eclquey.getSearchConcept(data.conceptnumber);\n});",
              "err": {},
              "uuid": "fa14d19c-0bf5-4bfd-b505-b981104990a4",
              "parentUUID": "cfc3d496-d951-4e7e-ba63-2530ba1c05ae",
              "isHook": false,
              "skipped": false
            },
            {
              "title": "click on OK button",
              "fullTitle": "C605828-ECL click on OK button",
              "timedOut": null,
              "duration": 87,
              "state": "passed",
              "speed": "fast",
              "pass": true,
              "fail": false,
              "pending": false,
              "context": null,
              "code": "eclquey.getOkButton();",
              "err": {},
              "uuid": "0918bf2d-1d58-4432-bde7-4b20e0c67d1b",
              "parentUUID": "cfc3d496-d951-4e7e-ba63-2530ba1c05ae",
              "isHook": false,
              "skipped": false
            },
            {
              "title": "Scroll page",
              "fullTitle": "C605828-ECL Scroll page",
              "timedOut": null,
              "duration": 4257,
              "state": "failed",
              "speed": null,
              "pass": false,
              "fail": true,
              "pending": false,
              "context": "{\n  \"title\": \"cypress-mochawesome-reporter-screenshots\",\n  \"value\": [\n    [\n      \"/C605828-ECL.cy.js/C605828-ECL -- Scroll page (failed).png\"\n    ]\n  ]\n}",
              "code": "cy.get('#fh-tabs-pane2').scrollTo('top');",
              "err": {
                "message": "CypressError: Timed out retrying after 4000ms: `cy.scrollTo()` failed because this element is not scrollable:\n\n`<div class=\"a panel panel-default right_panel\" id=\"fh-tabs-pane2\" style=\"border-radius: 0px; width: 1150px;\">...</div>`\n\nMake sure you're targeting the correct element or use `{ensureScrollable: false}` to disable the scrollable check.\n\nhttps://on.cypress.io/scrollto",
                "estack": "CypressError: Timed out retrying after 4000ms: `cy.scrollTo()` failed because this element is not scrollable:\n\n`<div class=\"a panel panel-default right_panel\" id=\"fh-tabs-pane2\" style=\"border-radius: 0px; width: 1150px;\">...</div>`\n\nMake sure you're targeting the correct element or use `{ensureScrollable: false}` to disable the scrollable check.\n\nhttps://on.cypress.io/scrollto\n    at Object.isScrollable (https://dev-browser.ihtsdotools.org/__cypress/runner/cypress_runner.js:145760:56)\n    at ensureScrollability (https://dev-browser.ihtsdotools.org/__cypress/runner/cypress_runner.js:113445:28)\n    at tryCatcher (https://dev-browser.ihtsdotools.org/__cypress/runner/cypress_runner.js:1807:23)\n    at Promise.attempt.Promise.try (https://dev-browser.ihtsdotools.org/__cypress/runner/cypress_runner.js:4315:29)\n    at whenStable (https://dev-browser.ihtsdotools.org/__cypress/runner/cypress_runner.js:144459:68)\n    at <unknown> (https://dev-browser.ihtsdotools.org/__cypress/runner/cypress_runner.js:144400:14)\n    at tryCatcher (https://dev-browser.ihtsdotools.org/__cypress/runner/cypress_runner.js:1807:23)\n    at Promise._settlePromiseFromHandler (https://dev-browser.ihtsdotools.org/__cypress/runner/cypress_runner.js:1519:31)\n    at Promise._settlePromise (https://dev-browser.ihtsdotools.org/__cypress/runner/cypress_runner.js:1576:18)\n    at Promise._settlePromise0 (https://dev-browser.ihtsdotools.org/__cypress/runner/cypress_runner.js:1621:10)\n    at Promise._settlePromises (https://dev-browser.ihtsdotools.org/__cypress/runner/cypress_runner.js:1701:18)\n    at Promise._fulfill (https://dev-browser.ihtsdotools.org/__cypress/runner/cypress_runner.js:1645:18)\n    at <unknown> (https://dev-browser.ihtsdotools.org/__cypress/runner/cypress_runner.js:5450:46)\nFrom Your Spec Code:\n    at Context.eval (webpack://snomed-interaction-components/./cypress/e2e/C605828-ECL.cy.js:53:29)",
                "diff": null
              },
              "uuid": "f3656dd4-f21b-4308-85f3-ab702e546234",
              "parentUUID": "cfc3d496-d951-4e7e-ba63-2530ba1c05ae",
              "isHook": false,
              "skipped": false
            },
            {
              "title": "click on Execute button",
              "fullTitle": "C605828-ECL click on Execute button",
              "timedOut": null,
              "duration": 87,
              "state": "passed",
              "speed": "fast",
              "pass": true,
              "fail": false,
              "pending": false,
              "context": null,
              "code": "eclquey.getECLQuery();\neclquey.getExecuteButton();",
              "err": {},
              "uuid": "00c61118-9a01-4437-b1a0-f74d051f624d",
              "parentUUID": "cfc3d496-d951-4e7e-ba63-2530ba1c05ae",
              "isHook": false,
              "skipped": false
            },
            {
              "title": "check query execution and result",
              "fullTitle": "C605828-ECL check query execution and result",
              "timedOut": null,
              "duration": 380,
              "state": "passed",
              "speed": "fast",
              "pass": true,
              "fail": false,
              "pending": false,
              "context": null,
              "code": "eclquey.getResult();",
              "err": {},
              "uuid": "67831eee-881b-455c-b18a-68fe13dae878",
              "parentUUID": "cfc3d496-d951-4e7e-ba63-2530ba1c05ae",
              "isHook": false,
              "skipped": false
            },
            {
              "title": "click on ECL builder button",
              "fullTitle": "C605828-ECL click on ECL builder button",
              "timedOut": null,
              "duration": 85,
              "state": "passed",
              "speed": "fast",
              "pass": true,
              "fail": false,
              "pending": false,
              "context": null,
              "code": "eclquey.getEclBuilderButton();",
              "err": {},
              "uuid": "52250a65-2070-4798-b1dd-060ac3f883fd",
              "parentUUID": "cfc3d496-d951-4e7e-ba63-2530ba1c05ae",
              "isHook": false,
              "skipped": false
            },
            {
              "title": "click on Add Refinement button",
              "fullTitle": "C605828-ECL click on Add Refinement button",
              "timedOut": null,
              "duration": 187,
              "state": "passed",
              "speed": "fast",
              "pass": true,
              "fail": false,
              "pending": false,
              "context": null,
              "code": "eclquey.getAddRefinementButton();",
              "err": {},
              "uuid": "6e16dbd9-a554-4bf9-a5b1-3470158302ce",
              "parentUUID": "cfc3d496-d951-4e7e-ba63-2530ba1c05ae",
              "isHook": false,
              "skipped": false
            },
            {
              "title": "populate attribute and qualifier values",
              "fullTitle": "C605828-ECL populate attribute and qualifier values",
              "timedOut": null,
              "duration": 1633,
              "state": "passed",
              "speed": "fast",
              "pass": true,
              "fail": false,
              "pending": false,
              "context": null,
              "code": "cy.fixture('ECLQuery').then(data => {\n  eclquey.getPopulateRefinementValues(data.attribute, data.qualifier);\n});",
              "err": {},
              "uuid": "21db9468-d5ee-4824-bd07-d532c196a071",
              "parentUUID": "cfc3d496-d951-4e7e-ba63-2530ba1c05ae",
              "isHook": false,
              "skipped": false
            },
            {
              "title": "click on OK button",
              "fullTitle": "C605828-ECL click on OK button",
              "timedOut": null,
              "duration": 88,
              "state": "passed",
              "speed": "fast",
              "pass": true,
              "fail": false,
              "pending": false,
              "context": null,
              "code": "eclquey.getOkButton();",
              "err": {},
              "uuid": "5416a948-5616-410f-a70b-9b5c79800ea2",
              "parentUUID": "cfc3d496-d951-4e7e-ba63-2530ba1c05ae",
              "isHook": false,
              "skipped": false
            },
            {
              "title": "Scroll page",
              "fullTitle": "C605828-ECL Scroll page",
              "timedOut": null,
              "duration": 9,
              "state": "passed",
              "speed": "fast",
              "pass": true,
              "fail": false,
              "pending": false,
              "context": null,
              "code": "cy.get('#fh-tabs-pane2').scrollTo('top');",
              "err": {},
              "uuid": "a005ac81-9e7d-4e14-96b4-c67400060fdc",
              "parentUUID": "cfc3d496-d951-4e7e-ba63-2530ba1c05ae",
              "isHook": false,
              "skipped": false
            },
            {
              "title": "click on Execute button",
              "fullTitle": "C605828-ECL click on Execute button",
              "timedOut": null,
              "duration": 82,
              "state": "passed",
              "speed": "fast",
              "pass": true,
              "fail": false,
              "pending": false,
              "context": null,
              "code": "eclquey.getECLQuery();\neclquey.getExecuteButton();",
              "err": {},
              "uuid": "f2a1df1a-39cc-46fe-ba9b-3e563cb10c3c",
              "parentUUID": "cfc3d496-d951-4e7e-ba63-2530ba1c05ae",
              "isHook": false,
              "skipped": false
            },
            {
              "title": "check query execution and result",
              "fullTitle": "C605828-ECL check query execution and result",
              "timedOut": null,
              "duration": 384,
              "state": "passed",
              "speed": "fast",
              "pass": true,
              "fail": false,
              "pending": false,
              "context": null,
              "code": "eclquey.getResult();",
              "err": {},
              "uuid": "30fe72a9-4f68-479b-91ee-10eb21d7c626",
              "parentUUID": "cfc3d496-d951-4e7e-ba63-2530ba1c05ae",
              "isHook": false,
              "skipped": false
            }
          ],
          "suites": [],
          "passes": [
            "b6d7fb29-6468-4439-b184-90189e221ca2",
            "4d70a4c9-bebc-47e1-b078-635ca07e1dbb",
            "06d64ba9-d6ac-44b3-82df-c5c926cbecdb",
            "d0511dca-4769-400f-802d-faac0b97bed0",
            "2eae7574-3aab-4155-b3e3-e21ec09d3cb3",
            "f3507d8e-b9fc-416f-a25b-54c758490ef8",
            "fa14d19c-0bf5-4bfd-b505-b981104990a4",
            "0918bf2d-1d58-4432-bde7-4b20e0c67d1b",
            "00c61118-9a01-4437-b1a0-f74d051f624d",
            "67831eee-881b-455c-b18a-68fe13dae878",
            "52250a65-2070-4798-b1dd-060ac3f883fd",
            "6e16dbd9-a554-4bf9-a5b1-3470158302ce",
            "21db9468-d5ee-4824-bd07-d532c196a071",
            "5416a948-5616-410f-a70b-9b5c79800ea2",
            "a005ac81-9e7d-4e14-96b4-c67400060fdc",
            "f2a1df1a-39cc-46fe-ba9b-3e563cb10c3c",
            "30fe72a9-4f68-479b-91ee-10eb21d7c626"
          ],
          "failures": [
            "f3656dd4-f21b-4308-85f3-ab702e546234"
          ],
          "pending": [],
          "skipped": [],
          "duration": 12675,
          "root": false,
          "rootEmpty": false,
          "_timeout": 2000
        }
      ],
      "passes": [],
      "failures": [],
      "pending": [],
      "skipped": [],
      "duration": 0,
      "root": true,
      "rootEmpty": true,
      "_timeout": 2000
    }
  ],
  "meta": {
    "mocha": {
      "version": "7.0.1"
    },
    "mochawesome": {
      "options": {
        "quiet": false,
        "reportFilename": "mochawesome",
        "saveHtml": false,
        "saveJson": true,
        "consoleReporter": "spec",
        "useInlineDiffs": false,
        "code": true
      },
      "version": "7.1.3"
    },
    "marge": {
      "options": {
        "overwrite": false,
        "html": false,
        "json": true,
        "reportDir": "cypress/reports/html/.jsons"
      },
      "version": "6.2.0"
    }
  }
}