{
  "stats": {
    "suites": 1,
    "tests": 22,
    "passes": 22,
    "pending": 0,
    "failures": 0,
    "start": "2024-06-04T12:42:39.526Z",
    "end": "2024-06-04T12:42:53.331Z",
    "duration": 13805,
    "testsRegistered": 22,
    "passPercent": 100,
    "pendingPercent": 0,
    "other": 0,
    "hasOther": false,
    "skipped": 0,
    "hasSkipped": false
  },
  "results": [
    {
      "uuid": "abc4fc05-dfc8-4b54-8851-b901e1b5083e",
      "title": "",
      "fullFile": "cypress/e2e/C605827-Search_and_Load.cy.js",
      "file": "cypress/e2e/C605827-Search_and_Load.cy.js",
      "beforeHooks": [],
      "afterHooks": [],
      "tests": [],
      "suites": [
        {
          "uuid": "6544ac6f-10c0-4d44-ab76-bfe8b94ac310",
          "title": "C605827-Search_and_Load",
          "fullFile": "",
          "file": "",
          "beforeHooks": [],
          "afterHooks": [],
          "tests": [
            {
              "title": "Launch browser url",
              "fullTitle": "C605827-Search_and_Load Launch browser url",
              "timedOut": null,
              "duration": 3181,
              "state": "passed",
              "speed": "fast",
              "pass": true,
              "fail": false,
              "pending": false,
              "context": null,
              "code": "accept.visit();",
              "err": {},
              "uuid": "778a1098-aeca-4069-9876-afab8b378ff9",
              "parentUUID": "6544ac6f-10c0-4d44-ab76-bfe8b94ac310",
              "isHook": false,
              "skipped": false
            },
            {
              "title": "click on Accept cookies",
              "fullTitle": "C605827-Search_and_Load click on Accept cookies",
              "timedOut": null,
              "duration": 96,
              "state": "passed",
              "speed": "fast",
              "pass": true,
              "fail": false,
              "pending": false,
              "context": null,
              "code": "accept.getCookiesAccept().click();",
              "err": {},
              "uuid": "99f73fc2-6c99-4da4-a20d-d25d3326fcdb",
              "parentUUID": "6544ac6f-10c0-4d44-ab76-bfe8b94ac310",
              "isHook": false,
              "skipped": false
            },
            {
              "title": "click on Accept disclaimers",
              "fullTitle": "C605827-Search_and_Load click on Accept disclaimers",
              "timedOut": null,
              "duration": 1366,
              "state": "passed",
              "speed": "fast",
              "pass": true,
              "fail": false,
              "pending": false,
              "context": null,
              "code": "accept.getDisclaimersAccept().click();",
              "err": {},
              "uuid": "dab736e4-ce44-4b96-8db6-2242ed206e3a",
              "parentUUID": "6544ac6f-10c0-4d44-ab76-bfe8b94ac310",
              "isHook": false,
              "skipped": false
            },
            {
              "title": "select International Edition",
              "fullTitle": "C605827-Search_and_Load select International Edition",
              "timedOut": null,
              "duration": 471,
              "state": "passed",
              "speed": "fast",
              "pass": true,
              "fail": false,
              "pending": false,
              "context": null,
              "code": "accept.getInternationEdition().click();",
              "err": {},
              "uuid": "01cd44fc-52a6-4efa-a821-7d9420385d16",
              "parentUUID": "6544ac6f-10c0-4d44-ab76-bfe8b94ac310",
              "isHook": false,
              "skipped": false
            },
            {
              "title": "click on version drop down",
              "fullTitle": "C605827-Search_and_Load click on version drop down",
              "timedOut": null,
              "duration": 78,
              "state": "passed",
              "speed": "fast",
              "pass": true,
              "fail": false,
              "pending": false,
              "context": null,
              "code": "searchpage.getVersionSelector().click();",
              "err": {},
              "uuid": "5269d432-af35-477e-834a-6eab1f282e2f",
              "parentUUID": "6544ac6f-10c0-4d44-ab76-bfe8b94ac310",
              "isHook": false,
              "skipped": false
            },
            {
              "title": "select 2023-12-01 from version drop down",
              "fullTitle": "C605827-Search_and_Load select 2023-12-01 from version drop down",
              "timedOut": null,
              "duration": 102,
              "state": "passed",
              "speed": "fast",
              "pass": true,
              "fail": false,
              "pending": false,
              "context": null,
              "code": "searchpage.getSelectVersion().click();",
              "err": {},
              "uuid": "19ea69c4-98b6-40de-9bf4-91c83d1f274c",
              "parentUUID": "6544ac6f-10c0-4d44-ab76-bfe8b94ac310",
              "isHook": false,
              "skipped": false
            },
            {
              "title": "Uncheck GroupbyConcept checkbox",
              "fullTitle": "C605827-Search_and_Load Uncheck GroupbyConcept checkbox",
              "timedOut": null,
              "duration": 85,
              "state": "passed",
              "speed": "fast",
              "pass": true,
              "fail": false,
              "pending": false,
              "context": null,
              "code": "searchpage.getUnchekGroupbyConcept();\ncy.log('Group by concept check box is uncheked');",
              "err": {},
              "uuid": "bc8fb245-31ae-4263-b497-5080e61c8d4f",
              "parentUUID": "6544ac6f-10c0-4d44-ab76-bfe8b94ac310",
              "isHook": false,
              "skipped": false
            },
            {
              "title": "Search heart and verify the search result",
              "fullTitle": "C605827-Search_and_Load Search heart and verify the search result",
              "timedOut": null,
              "duration": 1753,
              "state": "passed",
              "speed": "fast",
              "pass": true,
              "fail": false,
              "pending": false,
              "context": null,
              "code": "searchpage.getSearch().type('heart');\ncy.fixture('SNOMEDCTSearch').then(data => {\n  searchpage.getValidateSearchResult(data.InternationalEditionSearchResult);\n});",
              "err": {},
              "uuid": "e810a918-e005-4f5e-a079-eb995fa502c8",
              "parentUUID": "6544ac6f-10c0-4d44-ab76-bfe8b94ac310",
              "isHook": false,
              "skipped": false
            },
            {
              "title": "Scroll page",
              "fullTitle": "C605827-Search_and_Load Scroll page",
              "timedOut": null,
              "duration": 8,
              "state": "passed",
              "speed": "fast",
              "pass": true,
              "fail": false,
              "pending": false,
              "context": null,
              "code": "cy.get('#fh-tabs-pane').scrollTo(0, 500);",
              "err": {},
              "uuid": "c2297637-1506-4341-9f8b-0777fa27d94b",
              "parentUUID": "6544ac6f-10c0-4d44-ab76-bfe8b94ac310",
              "isHook": false,
              "skipped": false
            },
            {
              "title": "Filter records by Body Structure semantic tag",
              "fullTitle": "C605827-Search_and_Load Filter records by Body Structure semantic tag",
              "timedOut": null,
              "duration": 982,
              "state": "passed",
              "speed": "fast",
              "pass": true,
              "fail": false,
              "pending": false,
              "context": null,
              "code": "searchpage.getBodyStructureSemanticTag().click();\ncy.fixture('SNOMEDCTSearch').then(data => {\n  searchpage.getValidateSearchResult(data.InternationalEditionSearchResult);\n});",
              "err": {},
              "uuid": "7ca8cfd0-0e86-47be-8721-348f211834b7",
              "parentUUID": "6544ac6f-10c0-4d44-ab76-bfe8b94ac310",
              "isHook": false,
              "skipped": false
            },
            {
              "title": "Check GroupbyConcept checkbox",
              "fullTitle": "C605827-Search_and_Load Check GroupbyConcept checkbox",
              "timedOut": null,
              "duration": 1048,
              "state": "passed",
              "speed": "fast",
              "pass": true,
              "fail": false,
              "pending": false,
              "context": null,
              "code": "searchpage.getChekGroupbyConcept().click();\ncy.log('Group by concept check box is cheked');\ncy.fixture('SNOMEDCTSearch').then(data => {\n  searchpage.getValidateSearchResult(data.InternationalEditionSearchResult);\n});",
              "err": {},
              "uuid": "cfd5f8e3-3ef9-4da9-a9c5-4ff0209da39a",
              "parentUUID": "6544ac6f-10c0-4d44-ab76-bfe8b94ac310",
              "isHook": false,
              "skipped": false
            },
            {
              "title": "Scroll page",
              "fullTitle": "C605827-Search_and_Load Scroll page",
              "timedOut": null,
              "duration": 90,
              "state": "passed",
              "speed": "fast",
              "pass": true,
              "fail": false,
              "pending": false,
              "context": null,
              "code": "cy.get('#fh-tabs-pane').scrollTo('top');\nsearchpage.getConcept().click();",
              "err": {},
              "uuid": "183c8971-a5e4-417c-a7fe-87cf8b8c4085",
              "parentUUID": "6544ac6f-10c0-4d44-ab76-bfe8b94ac310",
              "isHook": false,
              "skipped": false
            },
            {
              "title": "Swap the view to Inferred",
              "fullTitle": "C605827-Search_and_Load Swap the view to Inferred",
              "timedOut": null,
              "duration": 6,
              "state": "passed",
              "speed": "fast",
              "pass": true,
              "fail": false,
              "pending": false,
              "context": null,
              "code": "summarypage.getSwapView();\ncy.log('Details page is switched to Inferred view');",
              "err": {},
              "uuid": "92bd460b-b608-4bd5-9709-5d82b1eff0b3",
              "parentUUID": "6544ac6f-10c0-4d44-ab76-bfe8b94ac310",
              "isHook": false,
              "skipped": false
            },
            {
              "title": "Redirect to Details page",
              "fullTitle": "C605827-Search_and_Load Redirect to Details page",
              "timedOut": null,
              "duration": 162,
              "state": "passed",
              "speed": "fast",
              "pass": true,
              "fail": false,
              "pending": false,
              "context": null,
              "code": "cy.fixture('DetailsTab').then(data => {\n  detailspage.getDetailsTab(data.InternationalEditionConceptDetailsTab);\n});",
              "err": {},
              "uuid": "a7af1170-99e7-42ec-90f6-8cc1300a2678",
              "parentUUID": "6544ac6f-10c0-4d44-ab76-bfe8b94ac310",
              "isHook": false,
              "skipped": false
            },
            {
              "title": "View Description details",
              "fullTitle": "C605827-Search_and_Load View Description details",
              "timedOut": null,
              "duration": 99,
              "state": "passed",
              "speed": "fast",
              "pass": true,
              "fail": false,
              "pending": false,
              "context": null,
              "code": "detailspage.getClickDescriptionDetails();",
              "err": {},
              "uuid": "e8d9b5e1-ab37-4cab-8e98-fba1d47875f9",
              "parentUUID": "6544ac6f-10c0-4d44-ab76-bfe8b94ac310",
              "isHook": false,
              "skipped": false
            },
            {
              "title": "Unview Description details",
              "fullTitle": "C605827-Search_and_Load Unview Description details",
              "timedOut": null,
              "duration": 121,
              "state": "passed",
              "speed": "fast",
              "pass": true,
              "fail": false,
              "pending": false,
              "context": null,
              "code": "detailspage.getUnclickDescriptionDetails();",
              "err": {},
              "uuid": "57ca128e-8358-4153-be19-9f537a09c67c",
              "parentUUID": "6544ac6f-10c0-4d44-ab76-bfe8b94ac310",
              "isHook": false,
              "skipped": false
            },
            {
              "title": "Redirect to Diagram page",
              "fullTitle": "C605827-Search_and_Load Redirect to Diagram page",
              "timedOut": null,
              "duration": 624,
              "state": "passed",
              "speed": "fast",
              "pass": true,
              "fail": false,
              "pending": false,
              "context": null,
              "code": "diagrampage.getDiagramTab();",
              "err": {},
              "uuid": "a92d1a9a-f89f-4783-833f-dd486bb4a676",
              "parentUUID": "6544ac6f-10c0-4d44-ab76-bfe8b94ac310",
              "isHook": false,
              "skipped": false
            },
            {
              "title": "Redirect to Expression page",
              "fullTitle": "C605827-Search_and_Load Redirect to Expression page",
              "timedOut": null,
              "duration": 234,
              "state": "passed",
              "speed": "fast",
              "pass": true,
              "fail": false,
              "pending": false,
              "context": null,
              "code": "expressionpage.getExpressionTab();",
              "err": {},
              "uuid": "5b4eb3c7-dc34-4aa1-aff3-9f6d0af4aeca",
              "parentUUID": "6544ac6f-10c0-4d44-ab76-bfe8b94ac310",
              "isHook": false,
              "skipped": false
            },
            {
              "title": "Redirect to Refset page",
              "fullTitle": "C605827-Search_and_Load Redirect to Refset page",
              "timedOut": null,
              "duration": 594,
              "state": "passed",
              "speed": "fast",
              "pass": true,
              "fail": false,
              "pending": false,
              "context": null,
              "code": "refsetpage.getRefsetTab();",
              "err": {},
              "uuid": "c9fd4530-a60c-41f3-bd0e-1e0253b256cc",
              "parentUUID": "6544ac6f-10c0-4d44-ab76-bfe8b94ac310",
              "isHook": false,
              "skipped": false
            },
            {
              "title": "Redirect to References page",
              "fullTitle": "C605827-Search_and_Load Redirect to References page",
              "timedOut": null,
              "duration": 1566,
              "state": "passed",
              "speed": "fast",
              "pass": true,
              "fail": false,
              "pending": false,
              "context": null,
              "code": "referencepage.getReferencesTab();",
              "err": {},
              "uuid": "ad23ecb7-42fb-485e-9be6-481dc55602bd",
              "parentUUID": "6544ac6f-10c0-4d44-ab76-bfe8b94ac310",
              "isHook": false,
              "skipped": false
            },
            {
              "title": "Redirect to History page",
              "fullTitle": "C605827-Search_and_Load Redirect to History page",
              "timedOut": null,
              "duration": 722,
              "state": "passed",
              "speed": "fast",
              "pass": true,
              "fail": false,
              "pending": false,
              "context": null,
              "code": "historypage.getHistoryTab();",
              "err": {},
              "uuid": "356f9859-7596-4627-8fee-7838a66b0b24",
              "parentUUID": "6544ac6f-10c0-4d44-ab76-bfe8b94ac310",
              "isHook": false,
              "skipped": false
            },
            {
              "title": "Redirect to Details tab by clicking the first date in the version column in the history tab.",
              "fullTitle": "C605827-Search_and_Load Redirect to Details tab by clicking the first date in the version column in the history tab.",
              "timedOut": null,
              "duration": 99,
              "state": "passed",
              "speed": "fast",
              "pass": true,
              "fail": false,
              "pending": false,
              "context": null,
              "code": "historypage.getSwitchtoDetailsPage();",
              "err": {},
              "uuid": "0c60eec4-64b7-4601-8e32-37543b8dc9b4",
              "parentUUID": "6544ac6f-10c0-4d44-ab76-bfe8b94ac310",
              "isHook": false,
              "skipped": false
            }
          ],
          "suites": [],
          "passes": [
            "778a1098-aeca-4069-9876-afab8b378ff9",
            "99f73fc2-6c99-4da4-a20d-d25d3326fcdb",
            "dab736e4-ce44-4b96-8db6-2242ed206e3a",
            "01cd44fc-52a6-4efa-a821-7d9420385d16",
            "5269d432-af35-477e-834a-6eab1f282e2f",
            "19ea69c4-98b6-40de-9bf4-91c83d1f274c",
            "bc8fb245-31ae-4263-b497-5080e61c8d4f",
            "e810a918-e005-4f5e-a079-eb995fa502c8",
            "c2297637-1506-4341-9f8b-0777fa27d94b",
            "7ca8cfd0-0e86-47be-8721-348f211834b7",
            "cfd5f8e3-3ef9-4da9-a9c5-4ff0209da39a",
            "183c8971-a5e4-417c-a7fe-87cf8b8c4085",
            "92bd460b-b608-4bd5-9709-5d82b1eff0b3",
            "a7af1170-99e7-42ec-90f6-8cc1300a2678",
            "e8d9b5e1-ab37-4cab-8e98-fba1d47875f9",
            "57ca128e-8358-4153-be19-9f537a09c67c",
            "a92d1a9a-f89f-4783-833f-dd486bb4a676",
            "5b4eb3c7-dc34-4aa1-aff3-9f6d0af4aeca",
            "c9fd4530-a60c-41f3-bd0e-1e0253b256cc",
            "ad23ecb7-42fb-485e-9be6-481dc55602bd",
            "356f9859-7596-4627-8fee-7838a66b0b24",
            "0c60eec4-64b7-4601-8e32-37543b8dc9b4"
          ],
          "failures": [],
          "pending": [],
          "skipped": [],
          "duration": 13487,
          "root": false,
          "rootEmpty": false,
          "_timeout": 2000
        }
      ],
      "passes": [],
      "failures": [],
      "pending": [],
      "skipped": [],
      "duration": 0,
      "root": true,
      "rootEmpty": true,
      "_timeout": 2000
    }
  ],
  "meta": {
    "mocha": {
      "version": "7.0.1"
    },
    "mochawesome": {
      "options": {
        "quiet": false,
        "reportFilename": "mochawesome",
        "saveHtml": false,
        "saveJson": true,
        "consoleReporter": "spec",
        "useInlineDiffs": false,
        "code": true
      },
      "version": "7.1.3"
    },
    "marge": {
      "options": {
        "overwrite": false,
        "html": false,
        "json": true,
        "reportDir": "cypress/reports/html/.jsons"
      },
      "version": "6.2.0"
    }
  }
}