{
  "stats": {
    "suites": 1,
    "tests": 16,
    "passes": 12,
    "pending": 0,
    "failures": 4,
    "start": "2024-06-04T12:43:09.795Z",
    "end": "2024-06-04T12:43:48.562Z",
    "duration": 38767,
    "testsRegistered": 16,
    "passPercent": 75,
    "pendingPercent": 0,
    "other": 0,
    "hasOther": false,
    "skipped": 0,
    "hasSkipped": false
  },
  "results": [
    {
      "uuid": "f1d82353-95b0-41ed-b96f-4fd4f1416594",
      "title": "",
      "fullFile": "cypress/e2e/C605829-Taxonomy.cy.js",
      "file": "cypress/e2e/C605829-Taxonomy.cy.js",
      "beforeHooks": [],
      "afterHooks": [],
      "tests": [],
      "suites": [
        {
          "uuid": "16ffba86-0c60-4d1a-a685-f9ddf13aee7e",
          "title": "C605829-Taxonomy",
          "fullFile": "",
          "file": "",
          "beforeHooks": [],
          "afterHooks": [],
          "tests": [
            {
              "title": "Launch browser url",
              "fullTitle": "C605829-Taxonomy Launch browser url",
              "timedOut": null,
              "duration": 1787,
              "state": "passed",
              "speed": "fast",
              "pass": true,
              "fail": false,
              "pending": false,
              "context": null,
              "code": "accept.visit();",
              "err": {},
              "uuid": "4a3a4ad2-19b9-468d-9e5e-1544ce317dd5",
              "parentUUID": "16ffba86-0c60-4d1a-a685-f9ddf13aee7e",
              "isHook": false,
              "skipped": false
            },
            {
              "title": "click on Accept cookies",
              "fullTitle": "C605829-Taxonomy click on Accept cookies",
              "timedOut": null,
              "duration": 92,
              "state": "passed",
              "speed": "fast",
              "pass": true,
              "fail": false,
              "pending": false,
              "context": null,
              "code": "accept.getCookiesAccept().click();",
              "err": {},
              "uuid": "e379a26f-1c20-471f-8139-9355ab37a375",
              "parentUUID": "16ffba86-0c60-4d1a-a685-f9ddf13aee7e",
              "isHook": false,
              "skipped": false
            },
            {
              "title": "click on Accept disclaimers",
              "fullTitle": "C605829-Taxonomy click on Accept disclaimers",
              "timedOut": null,
              "duration": 1485,
              "state": "passed",
              "speed": "fast",
              "pass": true,
              "fail": false,
              "pending": false,
              "context": null,
              "code": "accept.getDisclaimersAccept().click();",
              "err": {},
              "uuid": "74edc61c-ea10-4437-8c76-ac74eada6e5a",
              "parentUUID": "16ffba86-0c60-4d1a-a685-f9ddf13aee7e",
              "isHook": false,
              "skipped": false
            },
            {
              "title": "select International Edition",
              "fullTitle": "C605829-Taxonomy select International Edition",
              "timedOut": null,
              "duration": 620,
              "state": "passed",
              "speed": "fast",
              "pass": true,
              "fail": false,
              "pending": false,
              "context": null,
              "code": "accept.getInternationEdition().click();",
              "err": {},
              "uuid": "11151ea7-af0b-47e4-96ae-e273917e886c",
              "parentUUID": "16ffba86-0c60-4d1a-a685-f9ddf13aee7e",
              "isHook": false,
              "skipped": false
            },
            {
              "title": "select Taxonomy tab",
              "fullTitle": "C605829-Taxonomy select Taxonomy tab",
              "timedOut": null,
              "duration": 85,
              "state": "passed",
              "speed": "fast",
              "pass": true,
              "fail": false,
              "pending": false,
              "context": null,
              "code": "taxonomy.getTaxonomyTab();",
              "err": {},
              "uuid": "3fd417b4-e8c7-449a-a892-b181c8dd93d2",
              "parentUUID": "16ffba86-0c60-4d1a-a685-f9ddf13aee7e",
              "isHook": false,
              "skipped": false
            },
            {
              "title": "select Able to thrive (finding)",
              "fullTitle": "C605829-Taxonomy select Able to thrive (finding)",
              "timedOut": null,
              "duration": 4213,
              "state": "failed",
              "speed": null,
              "pass": false,
              "fail": true,
              "pending": false,
              "context": "{\n  \"title\": \"cypress-mochawesome-reporter-screenshots\",\n  \"value\": [\n    [\n      \"/C605829-Taxonomy.cy.js/C605829-Taxonomy -- select Able to thrive (finding) (failed).png\"\n    ]\n  ]\n}",
              "code": "taxonomy.getAbletoThrive();",
              "err": {
                "message": "AssertionError: Timed out retrying after 4000ms: Expected to find element: `#fh-taxonomy_canvas-treenode-1148601009`, but never found it.",
                "estack": "AssertionError: Timed out retrying after 4000ms: Expected to find element: `#fh-taxonomy_canvas-treenode-1148601009`, but never found it.\n    at TaxonomyPage.getAbletoThrive (webpack://snomed-interaction-components/./cypress/pages/TaxonomyPage.js:14:6)\n    at Context.eval (webpack://snomed-interaction-components/./cypress/e2e/C605829-Taxonomy.cy.js:35:13)",
                "diff": null
              },
              "uuid": "252fd895-5fd8-4cf6-864c-7d6e3aa8c16e",
              "parentUUID": "16ffba86-0c60-4d1a-a685-f9ddf13aee7e",
              "isHook": false,
              "skipped": false
            },
            {
              "title": "select Abnormal blood oxygen pressure (finding)",
              "fullTitle": "C605829-Taxonomy select Abnormal blood oxygen pressure (finding)",
              "timedOut": null,
              "duration": 4212,
              "state": "failed",
              "speed": null,
              "pass": false,
              "fail": true,
              "pending": false,
              "context": "{\n  \"title\": \"cypress-mochawesome-reporter-screenshots\",\n  \"value\": [\n    [\n      \"/C605829-Taxonomy.cy.js/C605829-Taxonomy -- select Abnormal blood oxygen pressure (finding) (failed).png\"\n    ]\n  ]\n}",
              "code": "taxonomy.getAbnormalBloodFinding();",
              "err": {
                "message": "AssertionError: Timed out retrying after 4000ms: Expected to find element: `#fh-taxonomy_canvas-treenode-123821009`, but never found it.",
                "estack": "AssertionError: Timed out retrying after 4000ms: Expected to find element: `#fh-taxonomy_canvas-treenode-123821009`, but never found it.\n    at TaxonomyPage.getAbnormalBloodFinding (webpack://snomed-interaction-components/./cypress/pages/TaxonomyPage.js:23:6)\n    at Context.eval (webpack://snomed-interaction-components/./cypress/e2e/C605829-Taxonomy.cy.js:40:13)",
                "diff": null
              },
              "uuid": "9ac1c55d-ccc5-47dc-810d-cf00a949427a",
              "parentUUID": "16ffba86-0c60-4d1a-a685-f9ddf13aee7e",
              "isHook": false,
              "skipped": false
            },
            {
              "title": "expand Abnormal blood clinical finding",
              "fullTitle": "C605829-Taxonomy expand Abnormal blood clinical finding",
              "timedOut": null,
              "duration": 87,
              "state": "passed",
              "speed": "fast",
              "pass": true,
              "fail": false,
              "pending": false,
              "context": null,
              "code": "taxonomy.getExpandClinicalFinding();",
              "err": {},
              "uuid": "c4ad38b0-63ac-4db7-86bb-039d9800fabf",
              "parentUUID": "16ffba86-0c60-4d1a-a685-f9ddf13aee7e",
              "isHook": false,
              "skipped": false
            },
            {
              "title": "switch to stated view",
              "fullTitle": "C605829-Taxonomy switch to stated view",
              "timedOut": null,
              "duration": 160,
              "state": "passed",
              "speed": "fast",
              "pass": true,
              "fail": false,
              "pending": false,
              "context": null,
              "code": "taxonomy.getStatedView();",
              "err": {},
              "uuid": "b18c1c00-7bde-4960-bcac-9d173d7e9b33",
              "parentUUID": "16ffba86-0c60-4d1a-a685-f9ddf13aee7e",
              "isHook": false,
              "skipped": false
            },
            {
              "title": "verify Abnormal blood oxygen pressure now has no children after switch to stated view",
              "fullTitle": "C605829-Taxonomy verify Abnormal blood oxygen pressure now has no children after switch to stated view",
              "timedOut": null,
              "duration": 4210,
              "state": "failed",
              "speed": null,
              "pass": false,
              "fail": true,
              "pending": false,
              "context": "{\n  \"title\": \"cypress-mochawesome-reporter-screenshots\",\n  \"value\": [\n    [\n      \"/C605829-Taxonomy.cy.js/C605829-Taxonomy -- verify Abnormal blood oxygen pressure now has no children after switch to stated view (failed).png\"\n    ]\n  ]\n}",
              "code": "taxonomy.getAbormalBloodOxygenNoChild();",
              "err": {
                "message": "AssertionError: Timed out retrying after 4000ms: Expected to find element: `#fh-taxonomy_canvas-treenode-123821009`, but never found it.",
                "estack": "AssertionError: Timed out retrying after 4000ms: Expected to find element: `#fh-taxonomy_canvas-treenode-123821009`, but never found it.\n    at TaxonomyPage.getAbormalBloodOxygenNoChild (webpack://snomed-interaction-components/./cypress/pages/TaxonomyPage.js:53:52)\n    at Context.eval (webpack://snomed-interaction-components/./cypress/e2e/C605829-Taxonomy.cy.js:55:13)",
                "diff": null
              },
              "uuid": "008e76c1-37ec-4ee0-bfc2-ae065b1a4add",
              "parentUUID": "16ffba86-0c60-4d1a-a685-f9ddf13aee7e",
              "isHook": false,
              "skipped": false
            },
            {
              "title": "Turn descendants count on",
              "fullTitle": "C605829-Taxonomy Turn descendants count on",
              "timedOut": null,
              "duration": 158,
              "state": "passed",
              "speed": "fast",
              "pass": true,
              "fail": false,
              "pending": false,
              "context": null,
              "code": "taxonomy.getTurnDescendantsCountOn();",
              "err": {},
              "uuid": "8f9aeafc-f6fb-4725-9b2f-a066a7568336",
              "parentUUID": "16ffba86-0c60-4d1a-a685-f9ddf13aee7e",
              "isHook": false,
              "skipped": false
            },
            {
              "title": "descendants count value",
              "fullTitle": "C605829-Taxonomy descendants count value",
              "timedOut": null,
              "duration": 19255,
              "state": "failed",
              "speed": null,
              "pass": false,
              "fail": true,
              "pending": false,
              "context": "{\n  \"title\": \"cypress-mochawesome-reporter-screenshots\",\n  \"value\": [\n    [\n      \"/C605829-Taxonomy.cy.js/C605829-Taxonomy -- descendants count value (failed).png\"\n    ]\n  ]\n}",
              "code": "taxonomy.getTurnDescendantsCountValue();",
              "err": {
                "message": "AssertionError: Timed out retrying after 4000ms: expected '<span#fh-taxonomy_canvas-treenode-404684003.treeLabel.selectable-row>' to contain '120788'",
                "estack": "AssertionError: Timed out retrying after 4000ms: expected '<span#fh-taxonomy_canvas-treenode-404684003.treeLabel.selectable-row>' to contain '120788'\n    at TaxonomyPage.getTurnDescendantsCountValue (webpack://snomed-interaction-components/./cypress/pages/TaxonomyPage.js:71:55)\n    at Context.eval (webpack://snomed-interaction-components/./cypress/e2e/C605829-Taxonomy.cy.js:65:13)",
                "diff": null
              },
              "uuid": "855c7040-4da4-42b1-bf38-a5ec2b461de7",
              "parentUUID": "16ffba86-0c60-4d1a-a685-f9ddf13aee7e",
              "isHook": false,
              "skipped": false
            },
            {
              "title": "change the language to PT in US",
              "fullTitle": "C605829-Taxonomy change the language to PT in US",
              "timedOut": null,
              "duration": 280,
              "state": "passed",
              "speed": "fast",
              "pass": true,
              "fail": false,
              "pending": false,
              "context": null,
              "code": "taxonomy.getChangeLanguage();",
              "err": {},
              "uuid": "b98cc404-e39a-41bb-9099-cd3bda2fe49a",
              "parentUUID": "16ffba86-0c60-4d1a-a685-f9ddf13aee7e",
              "isHook": false,
              "skipped": false
            },
            {
              "title": "brackets are removed from the concept name in PT in US language",
              "fullTitle": "C605829-Taxonomy brackets are removed from the concept name in PT in US language",
              "timedOut": null,
              "duration": 373,
              "state": "passed",
              "speed": "fast",
              "pass": true,
              "fail": false,
              "pending": false,
              "context": null,
              "code": "taxonomy.getLanguageResult();",
              "err": {},
              "uuid": "12416385-95bf-4ba0-b4fe-547e73c89d1b",
              "parentUUID": "16ffba86-0c60-4d1a-a685-f9ddf13aee7e",
              "isHook": false,
              "skipped": false
            },
            {
              "title": "remove taxonomy focus concept",
              "fullTitle": "C605829-Taxonomy remove taxonomy focus concept",
              "timedOut": null,
              "duration": 644,
              "state": "passed",
              "speed": "fast",
              "pass": true,
              "fail": false,
              "pending": false,
              "context": null,
              "code": "taxonomy.getRemoveTaxonomyFocusConcept();",
              "err": {},
              "uuid": "15cc1694-5b74-4fdb-8e79-99b0177a9be9",
              "parentUUID": "16ffba86-0c60-4d1a-a685-f9ddf13aee7e",
              "isHook": false,
              "skipped": false
            },
            {
              "title": "reset the taxonomy",
              "fullTitle": "C605829-Taxonomy reset the taxonomy",
              "timedOut": null,
              "duration": 617,
              "state": "passed",
              "speed": "fast",
              "pass": true,
              "fail": false,
              "pending": false,
              "context": null,
              "code": "taxonomy.getResetTaxonomy();",
              "err": {},
              "uuid": "37d82344-2b97-4dc0-a5a1-772555edc7d0",
              "parentUUID": "16ffba86-0c60-4d1a-a685-f9ddf13aee7e",
              "isHook": false,
              "skipped": false
            }
          ],
          "suites": [],
          "passes": [
            "4a3a4ad2-19b9-468d-9e5e-1544ce317dd5",
            "e379a26f-1c20-471f-8139-9355ab37a375",
            "74edc61c-ea10-4437-8c76-ac74eada6e5a",
            "11151ea7-af0b-47e4-96ae-e273917e886c",
            "3fd417b4-e8c7-449a-a892-b181c8dd93d2",
            "c4ad38b0-63ac-4db7-86bb-039d9800fabf",
            "b18c1c00-7bde-4960-bcac-9d173d7e9b33",
            "8f9aeafc-f6fb-4725-9b2f-a066a7568336",
            "b98cc404-e39a-41bb-9099-cd3bda2fe49a",
            "12416385-95bf-4ba0-b4fe-547e73c89d1b",
            "15cc1694-5b74-4fdb-8e79-99b0177a9be9",
            "37d82344-2b97-4dc0-a5a1-772555edc7d0"
          ],
          "failures": [
            "252fd895-5fd8-4cf6-864c-7d6e3aa8c16e",
            "9ac1c55d-ccc5-47dc-810d-cf00a949427a",
            "008e76c1-37ec-4ee0-bfc2-ae065b1a4add",
            "855c7040-4da4-42b1-bf38-a5ec2b461de7"
          ],
          "pending": [],
          "skipped": [],
          "duration": 38278,
          "root": false,
          "rootEmpty": false,
          "_timeout": 2000
        }
      ],
      "passes": [],
      "failures": [],
      "pending": [],
      "skipped": [],
      "duration": 0,
      "root": true,
      "rootEmpty": true,
      "_timeout": 2000
    }
  ],
  "meta": {
    "mocha": {
      "version": "7.0.1"
    },
    "mochawesome": {
      "options": {
        "quiet": false,
        "reportFilename": "mochawesome",
        "saveHtml": false,
        "saveJson": true,
        "consoleReporter": "spec",
        "useInlineDiffs": false,
        "code": true
      },
      "version": "7.1.3"
    },
    "marge": {
      "options": {
        "overwrite": false,
        "html": false,
        "json": true,
        "reportDir": "cypress/reports/html/.jsons"
      },
      "version": "6.2.0"
    }
  }
}