{
  "stats": {
    "suites": 1,
    "tests": 8,
    "passes": 7,
    "pending": 0,
    "failures": 1,
    "start": "2024-06-04T12:43:50.365Z",
    "end": "2024-06-04T12:44:00.118Z",
    "duration": 9753,
    "testsRegistered": 8,
    "passPercent": 87.5,
    "pendingPercent": 0,
    "other": 0,
    "hasOther": false,
    "skipped": 0,
    "hasSkipped": false
  },
  "results": [
    {
      "uuid": "a3e82de6-8f9b-4835-b77f-ecce43e04948",
      "title": "",
      "fullFile": "cypress/e2e/C605830-Refset.cy.js",
      "file": "cypress/e2e/C605830-Refset.cy.js",
      "beforeHooks": [],
      "afterHooks": [],
      "tests": [],
      "suites": [
        {
          "uuid": "474e77a4-b41d-499c-8c0b-447cffa60ddc",
          "title": "C605829-Taxonomy",
          "fullFile": "",
          "file": "",
          "beforeHooks": [],
          "afterHooks": [],
          "tests": [
            {
              "title": "Launch browser url",
              "fullTitle": "C605829-Taxonomy Launch browser url",
              "timedOut": null,
              "duration": 1820,
              "state": "passed",
              "speed": "fast",
              "pass": true,
              "fail": false,
              "pending": false,
              "context": null,
              "code": "accept.visit();",
              "err": {},
              "uuid": "2e34e0c4-277b-4c65-9f01-de8990ac04c1",
              "parentUUID": "474e77a4-b41d-499c-8c0b-447cffa60ddc",
              "isHook": false,
              "skipped": false
            },
            {
              "title": "click on Accept cookies",
              "fullTitle": "C605829-Taxonomy click on Accept cookies",
              "timedOut": null,
              "duration": 96,
              "state": "passed",
              "speed": "fast",
              "pass": true,
              "fail": false,
              "pending": false,
              "context": null,
              "code": "accept.getCookiesAccept().click();",
              "err": {},
              "uuid": "68afd748-810d-4c41-ab00-6ba19616b979",
              "parentUUID": "474e77a4-b41d-499c-8c0b-447cffa60ddc",
              "isHook": false,
              "skipped": false
            },
            {
              "title": "click on Accept disclaimers",
              "fullTitle": "C605829-Taxonomy click on Accept disclaimers",
              "timedOut": null,
              "duration": 2033,
              "state": "passed",
              "speed": "fast",
              "pass": true,
              "fail": false,
              "pending": false,
              "context": null,
              "code": "accept.getDisclaimersAccept().click();",
              "err": {},
              "uuid": "cc9a1307-df53-499b-92c2-a6c69f53e5d9",
              "parentUUID": "474e77a4-b41d-499c-8c0b-447cffa60ddc",
              "isHook": false,
              "skipped": false
            },
            {
              "title": "select International Edition",
              "fullTitle": "C605829-Taxonomy select International Edition",
              "timedOut": null,
              "duration": 615,
              "state": "passed",
              "speed": "fast",
              "pass": true,
              "fail": false,
              "pending": false,
              "context": null,
              "code": "accept.getInternationEdition().click();",
              "err": {},
              "uuid": "9c2b5d6e-a5c7-477a-ba6a-48c23626d580",
              "parentUUID": "474e77a4-b41d-499c-8c0b-447cffa60ddc",
              "isHook": false,
              "skipped": false
            },
            {
              "title": "select refset tab",
              "fullTitle": "C605829-Taxonomy select refset tab",
              "timedOut": null,
              "duration": 83,
              "state": "passed",
              "speed": "fast",
              "pass": true,
              "fail": false,
              "pending": false,
              "context": null,
              "code": "refset.getRefsetTab();",
              "err": {},
              "uuid": "72eec04e-f958-47a2-9d29-19f8b7d1a933",
              "parentUUID": "474e77a4-b41d-499c-8c0b-447cffa60ddc",
              "isHook": false,
              "skipped": false
            },
            {
              "title": "load the first refset",
              "fullTitle": "C605829-Taxonomy load the first refset",
              "timedOut": null,
              "duration": 479,
              "state": "passed",
              "speed": "fast",
              "pass": true,
              "fail": false,
              "pending": false,
              "context": null,
              "code": "refset.getFirstRefset();",
              "err": {},
              "uuid": "15a51e6d-5b1d-4921-bbff-56a3b2390927",
              "parentUUID": "474e77a4-b41d-499c-8c0b-447cffa60ddc",
              "isHook": false,
              "skipped": false
            },
            {
              "title": "load the first concept from the members list",
              "fullTitle": "C605829-Taxonomy load the first concept from the members list",
              "timedOut": null,
              "duration": 4399,
              "state": "failed",
              "speed": null,
              "pass": false,
              "fail": true,
              "pending": false,
              "context": "{\n  \"title\": \"cypress-mochawesome-reporter-screenshots\",\n  \"value\": [\n    [\n      \"/C605830-Refset.cy.js/C605829-Taxonomy -- load the first concept from the members list (failed).png\"\n    ]\n  ]\n}",
              "code": "refset.getFirstConceptMembersList();",
              "err": {
                "message": "AssertionError: Timed out retrying after 4000ms: expected '<h4>' to contain 'Malignant tumor involving uterine cervix by separate metastasis from fallopian tube (disorder)'",
                "estack": "AssertionError: Timed out retrying after 4000ms: expected '<h4>' to contain 'Malignant tumor involving uterine cervix by separate metastasis from fallopian tube (disorder)'\n    at RefsetTabPage.getFirstConceptMembersList (webpack://snomed-interaction-components/./cypress/pages/RefsetTabPage.js:26:53)\n    at Context.eval (webpack://snomed-interaction-components/./cypress/e2e/C605830-Refset.cy.js:40:10)",
                "diff": null
              },
              "uuid": "6b025d06-6310-4b4e-be0d-04aba7694f4e",
              "parentUUID": "474e77a4-b41d-499c-8c0b-447cffa60ddc",
              "isHook": false,
              "skipped": false
            },
            {
              "title": "sort the refset table by the active members",
              "fullTitle": "C605829-Taxonomy sort the refset table by the active members",
              "timedOut": null,
              "duration": 85,
              "state": "passed",
              "speed": "fast",
              "pass": true,
              "fail": false,
              "pending": false,
              "context": null,
              "code": "refset.getSortRefset();",
              "err": {},
              "uuid": "e73f6563-9c09-4d73-a40c-a0ec72a2acd9",
              "parentUUID": "474e77a4-b41d-499c-8c0b-447cffa60ddc",
              "isHook": false,
              "skipped": false
            }
          ],
          "suites": [],
          "passes": [
            "2e34e0c4-277b-4c65-9f01-de8990ac04c1",
            "68afd748-810d-4c41-ab00-6ba19616b979",
            "cc9a1307-df53-499b-92c2-a6c69f53e5d9",
            "9c2b5d6e-a5c7-477a-ba6a-48c23626d580",
            "72eec04e-f958-47a2-9d29-19f8b7d1a933",
            "15a51e6d-5b1d-4921-bbff-56a3b2390927",
            "e73f6563-9c09-4d73-a40c-a0ec72a2acd9"
          ],
          "failures": [
            "6b025d06-6310-4b4e-be0d-04aba7694f4e"
          ],
          "pending": [],
          "skipped": [],
          "duration": 9610,
          "root": false,
          "rootEmpty": false,
          "_timeout": 2000
        }
      ],
      "passes": [],
      "failures": [],
      "pending": [],
      "skipped": [],
      "duration": 0,
      "root": true,
      "rootEmpty": true,
      "_timeout": 2000
    }
  ],
  "meta": {
    "mocha": {
      "version": "7.0.1"
    },
    "mochawesome": {
      "options": {
        "quiet": false,
        "reportFilename": "mochawesome",
        "saveHtml": false,
        "saveJson": true,
        "consoleReporter": "spec",
        "useInlineDiffs": false,
        "code": true
      },
      "version": "7.1.3"
    },
    "marge": {
      "options": {
        "overwrite": false,
        "html": false,
        "json": true,
        "reportDir": "cypress/reports/html/.jsons"
      },
      "version": "6.2.0"
    }
  }
}