{
  "stats": {
    "suites": 1,
    "tests": 9,
    "passes": 9,
    "pending": 0,
    "failures": 0,
    "start": "2024-06-04T12:44:01.942Z",
    "end": "2024-06-04T12:44:09.022Z",
    "duration": 7080,
    "testsRegistered": 9,
    "passPercent": 100,
    "pendingPercent": 0,
    "other": 0,
    "hasOther": false,
    "skipped": 0,
    "hasSkipped": false
  },
  "results": [
    {
      "uuid": "0b1e7b63-0352-44d7-982f-3306cde7db19",
      "title": "",
      "fullFile": "cypress/e2e/C605831-Swiss_Edition.cy.js",
      "file": "cypress/e2e/C605831-Swiss_Edition.cy.js",
      "beforeHooks": [],
      "afterHooks": [],
      "tests": [],
      "suites": [
        {
          "uuid": "124f4890-eee8-4461-aeca-4310ab55bf9c",
          "title": "C605831-Swiss Edition",
          "fullFile": "",
          "file": "",
          "beforeHooks": [],
          "afterHooks": [],
          "tests": [
            {
              "title": "Launch browser url",
              "fullTitle": "C605831-Swiss Edition Launch browser url",
              "timedOut": null,
              "duration": 2484,
              "state": "passed",
              "speed": "fast",
              "pass": true,
              "fail": false,
              "pending": false,
              "context": null,
              "code": "accept.visit();",
              "err": {},
              "uuid": "6ff30de9-52d0-475a-9039-d9b5ef8d7dac",
              "parentUUID": "124f4890-eee8-4461-aeca-4310ab55bf9c",
              "isHook": false,
              "skipped": false
            },
            {
              "title": "Click on Accept cookies",
              "fullTitle": "C605831-Swiss Edition Click on Accept cookies",
              "timedOut": null,
              "duration": 99,
              "state": "passed",
              "speed": "fast",
              "pass": true,
              "fail": false,
              "pending": false,
              "context": null,
              "code": "accept.getCookiesAccept().click();",
              "err": {},
              "uuid": "55ca63a2-780f-416c-a548-5ef8f53c8b1b",
              "parentUUID": "124f4890-eee8-4461-aeca-4310ab55bf9c",
              "isHook": false,
              "skipped": false
            },
            {
              "title": "Click on Accept disclaimers",
              "fullTitle": "C605831-Swiss Edition Click on Accept disclaimers",
              "timedOut": null,
              "duration": 1541,
              "state": "passed",
              "speed": "fast",
              "pass": true,
              "fail": false,
              "pending": false,
              "context": null,
              "code": "accept.getDisclaimersAccept().click();",
              "err": {},
              "uuid": "f36b05dd-3499-472b-aa14-7962cccf2bde",
              "parentUUID": "124f4890-eee8-4461-aeca-4310ab55bf9c",
              "isHook": false,
              "skipped": false
            },
            {
              "title": "Select Swiss Edition",
              "fullTitle": "C605831-Swiss Edition Select Swiss Edition",
              "timedOut": null,
              "duration": 604,
              "state": "passed",
              "speed": "fast",
              "pass": true,
              "fail": false,
              "pending": false,
              "context": null,
              "code": "accept.getSwissEdition().click();",
              "err": {},
              "uuid": "1c7d7768-b57b-4bc8-8ec9-548e6da61e7e",
              "parentUUID": "124f4890-eee8-4461-aeca-4310ab55bf9c",
              "isHook": false,
              "skipped": false
            },
            {
              "title": "Search module and verify the search result",
              "fullTitle": "C605831-Swiss Edition Search module and verify the search result",
              "timedOut": null,
              "duration": 1318,
              "state": "passed",
              "speed": "fast",
              "pass": true,
              "fail": false,
              "pending": false,
              "context": null,
              "code": "searchpage.getSearch().type('module');\ncy.fixture('SNOMEDCTSearch').then(data => {\n  searchpage.getValidateSearchResult(data.InternationalEditionSearchResult);\n});",
              "err": {},
              "uuid": "b5c69ef5-245d-43ef-809e-10512b6107a8",
              "parentUUID": "124f4890-eee8-4461-aeca-4310ab55bf9c",
              "isHook": false,
              "skipped": false
            },
            {
              "title": "Select French language module filter",
              "fullTitle": "C605831-Swiss Edition Select French language module filter",
              "timedOut": null,
              "duration": 486,
              "state": "passed",
              "speed": "fast",
              "pass": true,
              "fail": false,
              "pending": false,
              "context": null,
              "code": "searchpage.getFrenchLanguageFilter();",
              "err": {},
              "uuid": "702a6bac-5ee1-40e5-8e8e-c4224138a02c",
              "parentUUID": "124f4890-eee8-4461-aeca-4310ab55bf9c",
              "isHook": false,
              "skipped": false
            },
            {
              "title": "Assert that the first result has a flag in the first column in the search results",
              "fullTitle": "C605831-Swiss Edition Assert that the first result has a flag in the first column in the search results",
              "timedOut": null,
              "duration": 12,
              "state": "passed",
              "speed": "fast",
              "pass": true,
              "fail": false,
              "pending": false,
              "context": null,
              "code": "searchpage.getResultHaveFlags();",
              "err": {},
              "uuid": "e9fc2c40-7f98-441e-b2db-1e7e7748155e",
              "parentUUID": "124f4890-eee8-4461-aeca-4310ab55bf9c",
              "isHook": false,
              "skipped": false
            },
            {
              "title": "Load the second result",
              "fullTitle": "C605831-Swiss Edition Load the second result",
              "timedOut": null,
              "duration": 300,
              "state": "passed",
              "speed": "fast",
              "pass": true,
              "fail": false,
              "pending": false,
              "context": null,
              "code": "searchpage.getSecondConcept().click();\nif (cy.get('#home-attributes-fh-cd1_canvas > h4').should('contain', ' Electrocardiographic modulated activator (physical object)')) {\n  cy.log('Selected concept loads into summary panel');\n}",
              "err": {},
              "uuid": "0036e444-7f26-4f67-bfd5-1fbd7e0b632f",
              "parentUUID": "124f4890-eee8-4461-aeca-4310ab55bf9c",
              "isHook": false,
              "skipped": false
            },
            {
              "title": "Click the details tab",
              "fullTitle": "C605831-Swiss Edition Click the details tab",
              "timedOut": null,
              "duration": 89,
              "state": "passed",
              "speed": "fast",
              "pass": true,
              "fail": false,
              "pending": false,
              "context": null,
              "code": "cy.fixture('DetailsTab').then(data => {\n  detailspage.getDetailsTab(data.SwissEditionConceptDetailsTab);\n});",
              "err": {},
              "uuid": "9b3e83d5-a1ff-4503-a2ba-fb66171789ca",
              "parentUUID": "124f4890-eee8-4461-aeca-4310ab55bf9c",
              "isHook": false,
              "skipped": false
            }
          ],
          "suites": [],
          "passes": [
            "6ff30de9-52d0-475a-9039-d9b5ef8d7dac",
            "55ca63a2-780f-416c-a548-5ef8f53c8b1b",
            "f36b05dd-3499-472b-aa14-7962cccf2bde",
            "1c7d7768-b57b-4bc8-8ec9-548e6da61e7e",
            "b5c69ef5-245d-43ef-809e-10512b6107a8",
            "702a6bac-5ee1-40e5-8e8e-c4224138a02c",
            "e9fc2c40-7f98-441e-b2db-1e7e7748155e",
            "0036e444-7f26-4f67-bfd5-1fbd7e0b632f",
            "9b3e83d5-a1ff-4503-a2ba-fb66171789ca"
          ],
          "failures": [],
          "pending": [],
          "skipped": [],
          "duration": 6933,
          "root": false,
          "rootEmpty": false,
          "_timeout": 2000
        }
      ],
      "passes": [],
      "failures": [],
      "pending": [],
      "skipped": [],
      "duration": 0,
      "root": true,
      "rootEmpty": true,
      "_timeout": 2000
    }
  ],
  "meta": {
    "mocha": {
      "version": "7.0.1"
    },
    "mochawesome": {
      "options": {
        "quiet": false,
        "reportFilename": "mochawesome",
        "saveHtml": false,
        "saveJson": true,
        "consoleReporter": "spec",
        "useInlineDiffs": false,
        "code": true
      },
      "version": "7.1.3"
    },
    "marge": {
      "options": {
        "overwrite": false,
        "html": false,
        "json": true,
        "reportDir": "cypress/reports/html/.jsons"
      },
      "version": "6.2.0"
    }
  }
}